d:\repos\dutychart\dutyChart\ClientApp\app\ts\app.component.js
d:\repos\dutychart\dutyChart\ClientApp\app\ts\app.component.js.map
d:\repos\dutychart\dutyChart\ClientApp\app\ts\worker.js
d:\repos\dutychart\dutyChart\ClientApp\app\ts\worker.js.map
d:\repos\dutychart\dutyChart\ClientApp\app\ts\hour.js
d:\repos\dutychart\dutyChart\ClientApp\app\ts\hour.js.map
d:\repos\dutychart\dutyChart\ClientApp\app\ts\slot.js
d:\repos\dutychart\dutyChart\ClientApp\app\ts\slot.js.map
d:\repos\dutychart\dutyChart\ClientApp\app\ts\absentPeriod.js
d:\repos\dutychart\dutyChart\ClientApp\app\ts\absentPeriod.js.map
d:\repos\dutychart\dutyChart\ClientApp\app\ts\data.service.js
d:\repos\dutychart\dutyChart\ClientApp\app\ts\data.service.js.map
d:\repos\dutychart\dutyChart\ClientApp\app\ts\chartData.js
d:\repos\dutychart\dutyChart\ClientApp\app\ts\chartData.js.map
d:\repos\dutychart\dutyChart\ClientApp\app\ts\countFreeSlotsForWorker.js
d:\repos\dutychart\dutyChart\ClientApp\app\ts\countFreeSlotsForWorker.js.map
d:\repos\dutychart\dutyChart\ClientApp\app\ts\tabset.component.js
d:\repos\dutychart\dutyChart\ClientApp\app\ts\tabset.component.js.map
d:\repos\dutychart\dutyChart\ClientApp\app\ts\multiselect.component.js
d:\repos\dutychart\dutyChart\ClientApp\app\ts\multiselect.component.js.map
d:\repos\dutychart\dutyChart\ClientApp\app\ts\datepicker.component.js
d:\repos\dutychart\dutyChart\ClientApp\app\ts\datepicker.component.js.map
d:\repos\dutychart\dutyChart\ClientApp\app\ts\generateChart.component.js
d:\repos\dutychart\dutyChart\ClientApp\app\ts\generateChart.component.js.map
d:\repos\dutychart\dutyChart\ClientApp\app\ts\editWorker.component.js
d:\repos\dutychart\dutyChart\ClientApp\app\ts\editWorker.component.js.map
d:\repos\dutychart\dutyChart\ClientApp\app\ts\chart.component.js
d:\repos\dutychart\dutyChart\ClientApp\app\ts\chart.component.js.map
d:\repos\dutychart\dutyChart\ClientApp\app\ts\nav.component.js
d:\repos\dutychart\dutyChart\ClientApp\app\ts\nav.component.js.map
d:\repos\dutychart\dutyChart\ClientApp\app\ts\tabset.module.js
d:\repos\dutychart\dutyChart\ClientApp\app\ts\tabset.module.js.map
d:\repos\dutychart\dutyChart\ClientApp\app\ts\rangeSelectionDatepicker.js
d:\repos\dutychart\dutyChart\ClientApp\app\ts\rangeSelectionDatepicker.js.map
d:\repos\dutychart\dutyChart\ClientApp\app\ts\app.module.js
d:\repos\dutychart\dutyChart\ClientApp\app\ts\app.module.js.map
d:\repos\dutychart\dutyChart\ClientApp\main.js
d:\repos\dutychart\dutyChart\ClientApp\main.js.map
d:\repos\dutychart\dutyChart\ClientApp\polyfills.js
d:\repos\dutychart\dutyChart\ClientApp\polyfills.js.map
