C:\Users\user\source\repos\dutyChart\dutyChart\ClientApp\app\ts\app.component.js
C:\Users\user\source\repos\dutyChart\dutyChart\ClientApp\app\ts\app.component.js.map
C:\Users\user\source\repos\dutyChart\dutyChart\ClientApp\app\ts\worker.js
C:\Users\user\source\repos\dutyChart\dutyChart\ClientApp\app\ts\worker.js.map
C:\Users\user\source\repos\dutyChart\dutyChart\ClientApp\app\ts\hour.js
C:\Users\user\source\repos\dutyChart\dutyChart\ClientApp\app\ts\hour.js.map
C:\Users\user\source\repos\dutyChart\dutyChart\ClientApp\app\ts\slot.js
C:\Users\user\source\repos\dutyChart\dutyChart\ClientApp\app\ts\slot.js.map
C:\Users\user\source\repos\dutyChart\dutyChart\ClientApp\app\ts\data.service.js
C:\Users\user\source\repos\dutyChart\dutyChart\ClientApp\app\ts\data.service.js.map
C:\Users\user\source\repos\dutyChart\dutyChart\ClientApp\app\ts\tabset.js
C:\Users\user\source\repos\dutyChart\dutyChart\ClientApp\app\ts\tabset.js.map
C:\Users\user\source\repos\dutyChart\dutyChart\ClientApp\app\ts\multiselect.js
C:\Users\user\source\repos\dutyChart\dutyChart\ClientApp\app\ts\multiselect.js.map
C:\Users\user\source\repos\dutyChart\dutyChart\ClientApp\app\ts\datepicker.js
C:\Users\user\source\repos\dutyChart\dutyChart\ClientApp\app\ts\datepicker.js.map
C:\Users\user\source\repos\dutyChart\dutyChart\ClientApp\app\ts\generateChart.component.js
C:\Users\user\source\repos\dutyChart\dutyChart\ClientApp\app\ts\generateChart.component.js.map
C:\Users\user\source\repos\dutyChart\dutyChart\ClientApp\app\ts\editWorker.component.js
C:\Users\user\source\repos\dutyChart\dutyChart\ClientApp\app\ts\editWorker.component.js.map
C:\Users\user\source\repos\dutyChart\dutyChart\ClientApp\app\ts\chart.js
C:\Users\user\source\repos\dutyChart\dutyChart\ClientApp\app\ts\chart.js.map
C:\Users\user\source\repos\dutyChart\dutyChart\ClientApp\app\ts\nav.js
C:\Users\user\source\repos\dutyChart\dutyChart\ClientApp\app\ts\nav.js.map
C:\Users\user\source\repos\dutyChart\dutyChart\ClientApp\app\ts\tabset.module.js
C:\Users\user\source\repos\dutyChart\dutyChart\ClientApp\app\ts\tabset.module.js.map
C:\Users\user\source\repos\dutyChart\dutyChart\ClientApp\app\ts\rangeSelectionDatepicker.js
C:\Users\user\source\repos\dutyChart\dutyChart\ClientApp\app\ts\rangeSelectionDatepicker.js.map
C:\Users\user\source\repos\dutyChart\dutyChart\ClientApp\app\ts\app.module.js
C:\Users\user\source\repos\dutyChart\dutyChart\ClientApp\app\ts\app.module.js.map
C:\Users\user\source\repos\dutyChart\dutyChart\ClientApp\main.js
C:\Users\user\source\repos\dutyChart\dutyChart\ClientApp\main.js.map
C:\Users\user\source\repos\dutyChart\dutyChart\ClientApp\polyfills.js
C:\Users\user\source\repos\dutyChart\dutyChart\ClientApp\polyfills.js.map
